TN:
SF:/Users/lizhipeng/STUQ/exercise4/test/test.js
FN:1,(anonymous_1)
FN:2,(anonymous_2)
FN:4,(anonymous_3)
FN:15,(anonymous_4)
FN:16,test
FN:23,(anonymous_6)
FN:24,(anonymous_7)
FN:26,(anonymous_8)
FN:27,_say
FN:37,(anonymous_10)
FN:39,(anonymous_11)
FN:40,_say
FNF:12
FNH:12
FNDA:1,(anonymous_1)
FNDA:1,(anonymous_2)
FNDA:1,(anonymous_3)
FNDA:1,(anonymous_4)
FNDA:1,test
FNDA:1,(anonymous_6)
FNDA:1,(anonymous_7)
FNDA:1,(anonymous_8)
FNDA:1,_say
FNDA:1,(anonymous_10)
FNDA:1,(anonymous_11)
FNDA:1,_say
DA:1,1
DA:2,1
DA:3,1
DA:5,1
DA:7,1
DA:8,0
DA:12,1
DA:15,1
DA:16,1
DA:18,1
DA:20,1
DA:23,1
DA:24,1
DA:25,1
DA:27,1
DA:29,1
DA:31,1
DA:34,1
DA:37,1
DA:38,1
DA:39,1
DA:40,1
DA:42,1
DA:44,1
DA:46,1
LF:25
LH:24
BRF:0
BRH:0
end_of_record
